2023-01-26T12:29:54.090Z [api-consulta-de-carros] error: readFile is not defined
2023-01-26T12:30:41.129Z [api-consulta-de-carros] error: readFile is not defined
2023-01-26T12:31:05.388Z [api-consulta-de-carros] error: readFile is not defined
2023-01-26T12:31:28.427Z [api-consulta-de-carros] info: listening on 3000
2023-01-26T12:33:37.813Z [api-consulta-de-carros] error: GET /marcas - Cannot read properties of undefined (reading 'models')
2023-01-26T12:34:56.503Z [api-consulta-de-carros] error: GET /marcas - Cannot read properties of undefined (reading 'models')
2023-01-26T12:35:31.005Z [api-consulta-de-carros] error: GET /marcas - Cannot read properties of undefined (reading 'models')
2023-01-26T12:40:27.185Z [api-consulta-de-carros] info: listening on 3000
2023-01-26T12:41:21.933Z [api-consulta-de-carros] info: listening on 3000
2023-01-26T12:41:53.319Z [api-consulta-de-carros] info: listening on 3000
2023-01-26T12:41:56.859Z [api-consulta-de-carros] error: GET /marcas - Cannot read properties of undefined (reading 'models')
2023-01-26T12:44:54.674Z [api-consulta-de-carros] info: listening on 3000
2023-01-26T12:45:53.447Z [api-consulta-de-carros] error: GET /marcas - Cannot read properties of undefined (reading 'models')
2023-01-26T12:46:26.249Z [api-consulta-de-carros] error: GET /marcas - Cannot read properties of undefined (reading 'models')
2023-01-26T12:46:56.176Z [api-consulta-de-carros] info: listening on 3000
2023-01-26T12:47:24.113Z [api-consulta-de-carros] info: listening on 3000
2023-01-26T12:47:26.590Z [api-consulta-de-carros] error: GET /marcas - Cannot read properties of undefined (reading 'models')
2023-01-26T12:49:17.303Z [api-consulta-de-carros] info: listening on 3000
2023-01-26T12:51:56.864Z [api-consulta-de-carros] info: listening on 3000
2023-01-26T12:52:01.764Z [api-consulta-de-carros] error: GET /marcas - Cannot read properties of undefined (reading 'models')
2023-01-26T12:52:52.010Z [api-consulta-de-carros] info: listening on 3000
2023-01-26T12:53:09.850Z [api-consulta-de-carros] info: listening on 3000
2023-01-26T12:53:16.816Z [api-consulta-de-carros] error: GET /marcas - Cannot read properties of undefined (reading 'models')
2023-01-26T13:01:55.030Z [api-consulta-de-carros] info: listening on 3000
2023-01-26T13:01:58.178Z [api-consulta-de-carros] error: GET /marcas - Cannot read properties of undefined (reading 'models')
2023-01-26T13:05:26.266Z [api-consulta-de-carros] info: listening on 3000
2023-01-26T13:10:41.563Z [api-consulta-de-carros] info: listening on 3000
2023-01-26T13:10:48.515Z [api-consulta-de-carros] error: GET /marcas - Cannot read properties of undefined (reading 'models')
2023-01-26T13:11:39.206Z [api-consulta-de-carros] info: listening on 3000
2023-01-26T13:11:42.146Z [api-consulta-de-carros] error: GET /marcas - Cannot read properties of undefined (reading 'models')
2023-01-26T13:12:57.948Z [api-consulta-de-carros] info: listening on 3000
2023-01-26T13:13:02.275Z [api-consulta-de-carros] error: GET /marcas - Cannot read properties of undefined (reading 'models')
2023-01-26T13:15:30.164Z [api-consulta-de-carros] info: listening on 3000
2023-01-26T13:15:34.658Z [api-consulta-de-carros] info: GET /maisModelos
2023-01-26T13:22:23.186Z [api-consulta-de-carros] info: listening on 3000
2023-01-26T13:22:28.674Z [api-consulta-de-carros] error: GET /marcas - value.map is not a function
2023-01-26T13:24:23.456Z [api-consulta-de-carros] info: listening on 3000
2023-01-26T13:24:26.589Z [api-consulta-de-carros] info: GET /maisModelos
2023-01-26T13:24:46.384Z [api-consulta-de-carros] info: listening on 3000
2023-01-26T13:24:50.183Z [api-consulta-de-carros] info: GET /maisModelos
2023-01-26T13:25:24.662Z [api-consulta-de-carros] info: listening on 3000
2023-01-26T13:25:45.310Z [api-consulta-de-carros] info: GET /maisModelos
2023-01-26T13:28:19.132Z [api-consulta-de-carros] info: listening on 3000
2023-01-26T13:28:31.158Z [api-consulta-de-carros] info: GET /maisModelos
2023-01-26T13:29:14.994Z [api-consulta-de-carros] info: listening on 3000
2023-01-26T13:29:17.004Z [api-consulta-de-carros] info: GET /maisModelos
2023-01-26T13:30:09.919Z [api-consulta-de-carros] info: listening on 3000
2023-01-26T13:30:12.435Z [api-consulta-de-carros] info: GET /maisModelos
2023-01-26T13:31:48.979Z [api-consulta-de-carros] info: listening on 3000
2023-01-26T13:31:56.335Z [api-consulta-de-carros] info: listening on 3000
2023-01-26T13:32:01.276Z [api-consulta-de-carros] info: GET /maisModelos
2023-01-26T13:32:12.076Z [api-consulta-de-carros] info: listening on 3000
2023-01-26T13:32:17.577Z [api-consulta-de-carros] info: GET /maisModelos
2023-01-26T13:33:08.971Z [api-consulta-de-carros] info: listening on 3000
2023-01-26T13:33:19.511Z [api-consulta-de-carros] info: listening on 3000
2023-01-26T13:33:22.406Z [api-consulta-de-carros] info: GET /maisModelos
2023-01-26T13:34:52.552Z [api-consulta-de-carros] info: listening on 3000
2023-01-26T13:35:15.808Z [api-consulta-de-carros] info: listening on 3000
2023-01-26T13:36:01.193Z [api-consulta-de-carros] info: listening on 3000
2023-01-26T13:36:03.608Z [api-consulta-de-carros] info: GET /maisModelos
2023-01-26T13:42:23.331Z [api-consulta-de-carros] info: listening on 3000
2023-01-26T14:35:42.696Z [api-consulta-de-carros] info: listening on 3000
2023-01-26T14:36:14.352Z [api-consulta-de-carros] info: GET /maisModelos
2023-01-26T15:03:06.932Z [api-consulta-de-carros] info: listening on 3000
2023-01-26T15:04:50.924Z [api-consulta-de-carros] info: GET /maisModelos
2023-01-26T15:05:21.841Z [api-consulta-de-carros] info: listening on 3000
2023-01-26T15:05:24.825Z [api-consulta-de-carros] info: GET /maisModelos
2023-01-26T15:13:10.604Z [api-consulta-de-carros] info: listening on 3000
2023-01-26T15:13:14.273Z [api-consulta-de-carros] error: GET /marcas - a is not iterable
2023-01-26T15:27:13.810Z [api-consulta-de-carros] info: listening on 3000
2023-01-26T15:27:56.108Z [api-consulta-de-carros] info: listening on 3000
2023-01-26T15:28:01.746Z [api-consulta-de-carros] info: GET /maisModelos
2023-01-26T15:28:30.137Z [api-consulta-de-carros] info: listening on 3000
2023-01-26T15:28:37.266Z [api-consulta-de-carros] info: GET /maisModelos
2023-01-26T15:29:04.249Z [api-consulta-de-carros] info: listening on 3000
2023-01-26T15:29:07.401Z [api-consulta-de-carros] info: GET /maisModelos
2023-01-26T15:32:36.453Z [api-consulta-de-carros] info: listening on 3000
2023-01-26T15:32:41.396Z [api-consulta-de-carros] info: GET /maisModelos
2023-01-26T15:33:01.263Z [api-consulta-de-carros] info: listening on 3000
2023-01-26T15:33:04.912Z [api-consulta-de-carros] info: GET /maisModelos
2023-01-26T15:34:13.507Z [api-consulta-de-carros] info: listening on 3000
2023-01-26T15:34:18.338Z [api-consulta-de-carros] info: GET /maisModelos
2023-01-26T15:35:50.848Z [api-consulta-de-carros] info: listening on 3000
2023-01-26T15:36:25.662Z [api-consulta-de-carros] info: listening on 3000
2023-01-26T15:36:27.968Z [api-consulta-de-carros] info: GET /maisModelos
2023-01-26T15:37:25.470Z [api-consulta-de-carros] info: listening on 3000
2023-01-26T15:37:29.500Z [api-consulta-de-carros] info: GET /maisModelos
2023-01-26T15:37:49.666Z [api-consulta-de-carros] info: listening on 3000
2023-01-26T15:37:52.222Z [api-consulta-de-carros] info: GET /maisModelos
2023-01-26T15:41:34.194Z [api-consulta-de-carros] info: listening on 3000
2023-01-26T15:41:37.674Z [api-consulta-de-carros] info: GET /maisModelos
2023-01-26T15:42:34.887Z [api-consulta-de-carros] info: listening on 3000
2023-01-26T15:42:37.222Z [api-consulta-de-carros] info: GET /maisModelos
2023-01-26T15:46:33.007Z [api-consulta-de-carros] info: listening on 3000
2023-01-26T15:46:36.190Z [api-consulta-de-carros] info: GET /maisModelos
2023-01-26T15:51:35.112Z [api-consulta-de-carros] info: listening on 3000
2023-01-26T15:51:38.015Z [api-consulta-de-carros] info: GET /maisModelos
2023-01-26T15:51:49.901Z [api-consulta-de-carros] info: listening on 3000
2023-01-26T15:51:54.990Z [api-consulta-de-carros] info: GET /maisModelos
2023-01-26T15:54:15.498Z [api-consulta-de-carros] info: listening on 3000
2023-01-26T15:54:50.628Z [api-consulta-de-carros] info: listening on 3000
2023-01-26T15:54:52.581Z [api-consulta-de-carros] info: GET /listaMaisModelos/:number
2023-01-26T15:55:19.143Z [api-consulta-de-carros] info: listening on 3000
2023-01-26T15:55:22.381Z [api-consulta-de-carros] info: GET /listaMaisModelos/:number
2023-01-26T15:55:39.761Z [api-consulta-de-carros] info: listening on 3000
2023-01-26T15:55:57.255Z [api-consulta-de-carros] info: GET /listaMaisModelos/:number
2023-01-26T15:57:54.786Z [api-consulta-de-carros] info: listening on 3000
2023-01-26T15:57:57.523Z [api-consulta-de-carros] info: GET /listaMaisModelos/:number
2023-01-26T15:58:13.225Z [api-consulta-de-carros] info: listening on 3000
2023-01-26T15:58:14.984Z [api-consulta-de-carros] info: GET /listaMaisModelos/:number
2023-01-26T15:59:35.857Z [api-consulta-de-carros] info: listening on 3000
2023-01-26T16:00:28.341Z [api-consulta-de-carros] info: listening on 3000
2023-01-26T16:00:29.948Z [api-consulta-de-carros] info: GET /listaMaisModelos/:number
2023-01-26T16:00:50.598Z [api-consulta-de-carros] info: listening on 3000
2023-01-26T16:00:52.899Z [api-consulta-de-carros] info: GET /listaMaisModelos/:number
2023-01-26T16:02:35.885Z [api-consulta-de-carros] info: listening on 3000
2023-01-26T16:02:36.050Z [api-consulta-de-carros] info: GET /listaMaisModelos/:number
2023-01-26T16:03:04.344Z [api-consulta-de-carros] info: listening on 3000
2023-01-26T16:03:06.343Z [api-consulta-de-carros] info: GET /listaMaisModelos/:number
2023-01-26T16:03:11.629Z [api-consulta-de-carros] info: listening on 3000
2023-01-26T16:03:56.847Z [api-consulta-de-carros] info: GET /listaMaisModelos/:number
2023-01-26T16:07:24.751Z [api-consulta-de-carros] info: listening on 3000
2023-01-26T16:07:49.463Z [api-consulta-de-carros] info: GET /listaMaisModelos/:number
2023-01-26T16:08:50.059Z [api-consulta-de-carros] info: listening on 3000
2023-01-26T16:08:58.641Z [api-consulta-de-carros] info: GET /listaMaisModelos/:number
2023-01-26T16:09:19.026Z [api-consulta-de-carros] info: listening on 3000
2023-01-26T16:09:31.768Z [api-consulta-de-carros] error: GET /marcas - Cannot read properties of undefined (reading 'length')
2023-01-26T16:14:29.533Z [api-consulta-de-carros] info: listening on 3000
2023-01-26T16:14:33.165Z [api-consulta-de-carros] info: GET /listaMaisModelos/:number
2023-01-26T16:17:35.056Z [api-consulta-de-carros] info: listening on 3000
2023-01-26T16:17:37.729Z [api-consulta-de-carros] error: GET /marcas - Reduce of empty array with no initial value
2023-01-26T16:20:51.821Z [api-consulta-de-carros] info: listening on 3000
2023-01-26T16:20:54.694Z [api-consulta-de-carros] info: GET /listaMaisModelos/:number
2023-01-26T16:21:26.631Z [api-consulta-de-carros] info: listening on 3000
2023-01-26T16:21:29.548Z [api-consulta-de-carros] info: GET /listaMaisModelos/:number
2023-01-26T17:00:16.776Z [api-consulta-de-carros] info: listening on 3000
2023-01-26T17:02:58.330Z [api-consulta-de-carros] info: listening on 3000
2023-01-26T17:03:01.731Z [api-consulta-de-carros] info: GET /listaMaisModelos/:number
2023-01-26T17:04:55.567Z [api-consulta-de-carros] info: listening on 3000
2023-01-26T17:05:02.543Z [api-consulta-de-carros] info: GET /listaMaisModelos/:number
2023-01-26T17:05:44.849Z [api-consulta-de-carros] info: listening on 3000
2023-01-26T17:07:58.470Z [api-consulta-de-carros] info: listening on 3000
2023-01-26T17:08:01.978Z [api-consulta-de-carros] info: GET /listaMaisModelos/:number
2023-01-26T17:13:38.627Z [api-consulta-de-carros] info: listening on 3000
2023-01-26T17:13:43.726Z [api-consulta-de-carros] info: GET /listaMaisModelos/:number
2023-01-26T17:16:40.618Z [api-consulta-de-carros] info: listening on 3000
2023-01-26T17:16:59.586Z [api-consulta-de-carros] info: listening on 3000
2023-01-26T17:17:19.113Z [api-consulta-de-carros] info: GET /listaMenosModelos/:number
2023-01-26T17:17:39.969Z [api-consulta-de-carros] info: GET /listaMaisModelos/:number
2023-01-26T17:32:24.715Z [api-consulta-de-carros] info: listening on 3000
2023-01-26T17:32:32.651Z [api-consulta-de-carros] info: GET /listaMenosModelos/:number
2023-01-26T17:33:33.340Z [api-consulta-de-carros] info: listening on 3000
2023-01-26T17:33:44.858Z [api-consulta-de-carros] info: GET /listaMaisModelos/:number
2023-01-26T17:33:53.033Z [api-consulta-de-carros] info: GET /listaMaisModelos/:number
2023-01-26T17:34:01.132Z [api-consulta-de-carros] info: listening on 3000
2023-01-26T17:34:02.667Z [api-consulta-de-carros] info: GET /listaMaisModelos/:number
2023-01-26T17:37:18.593Z [api-consulta-de-carros] info: listening on 3000
2023-01-26T17:37:19.959Z [api-consulta-de-carros] info: GET /listaMaisModelos/:number
2023-01-26T17:37:56.010Z [api-consulta-de-carros] info: listening on 3000
2023-01-26T17:38:18.836Z [api-consulta-de-carros] info: listening on 3000
2023-01-26T17:38:20.325Z [api-consulta-de-carros] info: GET /listaMenosModelos/:number
2023-01-26T17:52:14.879Z [api-consulta-de-carros] info: listening on 3000
2023-01-26T17:55:14.647Z [api-consulta-de-carros] info: listening on 3000
2023-01-26T17:56:11.220Z [api-consulta-de-carros] info: listening on 3000
2023-01-26T17:57:05.337Z [api-consulta-de-carros] info: listening on 3000
2023-01-26T17:57:15.440Z [api-consulta-de-carros] info: listening on 3000
2023-01-26T18:00:56.029Z [api-consulta-de-carros] info: listening on 3000
2023-01-26T18:01:28.986Z [api-consulta-de-carros] info: listening on 3000
2023-01-26T18:01:54.979Z [api-consulta-de-carros] info: listening on 3000
2023-01-26T18:10:26.441Z [api-consulta-de-carros] info: listening on 3000
2023-01-26T18:12:10.423Z [api-consulta-de-carros] info: listening on 3000
2023-01-26T18:12:18.626Z [api-consulta-de-carros] info: GET /maisModelos
2023-01-26T18:17:59.809Z [api-consulta-de-carros] info: listening on 3000
2023-01-26T18:18:14.626Z [api-consulta-de-carros] info: listening on 3000
2023-01-26T18:18:21.639Z [api-consulta-de-carros] info: GET /maisModelos
2023-01-26T18:18:24.633Z [api-consulta-de-carros] info: GET /menosModelos
2023-01-26T18:21:02.980Z [api-consulta-de-carros] info: listening on 3000
2023-01-26T18:21:16.073Z [api-consulta-de-carros] info: listening on 3000
2023-01-26T18:22:11.119Z [api-consulta-de-carros] info: listening on 3000
2023-01-26T18:22:22.394Z [api-consulta-de-carros] info: listening on 3000
2023-01-26T18:23:19.995Z [api-consulta-de-carros] info: listening on 3000
2023-01-26T18:23:33.620Z [api-consulta-de-carros] info: listening on 3000
2023-01-26T18:26:00.712Z [api-consulta-de-carros] info: listening on 3000
2023-01-26T18:29:04.516Z [api-consulta-de-carros] info: GET /listaMaisModelos/:number
2023-01-26T18:30:01.932Z [api-consulta-de-carros] info: GET /listaMaisModelos/:number
2023-01-26T18:31:40.163Z [api-consulta-de-carros] info: GET /listaMenosModelos/:number
2023-01-26T18:33:32.843Z [api-consulta-de-carros] info: listening on 3000
2023-01-26T18:33:43.543Z [api-consulta-de-carros] info: GET /listaMenosModelos/:number
2023-01-26T18:33:53.504Z [api-consulta-de-carros] info: listening on 3000
2023-01-26T18:33:56.176Z [api-consulta-de-carros] info: GET /listaMenosModelos/:number
2023-01-26T18:34:10.372Z [api-consulta-de-carros] info: GET /listaMenosModelos/:number
2023-01-26T18:34:24.813Z [api-consulta-de-carros] info: GET /listaMenosModelos/:number
2023-01-26T18:35:03.538Z [api-consulta-de-carros] info: GET /listaMenosModelos/:number
